  main.cpp
c:\users\sutjjang\documents\github\garam\garam\main.cpp(118): warning C4477: 'fscanf' : 서식 문자열 '%f'에 'float *' 형식의 인수가 필요하지만 variadic 인수 5의 형식이 'int *'입니다.
c:\users\sutjjang\documents\github\garam\garam\main.cpp(131): warning C4477: 'fprintf' : 서식 문자열 '%f'에 'double' 형식의 인수가 필요하지만 variadic 인수 5의 형식이 'int'입니다.
  payment.cpp
  table.cpp
c:\users\sutjjang\documents\github\garam\garam\table.cpp(49): warning C4996: 'scanf': This function or variable may be unsafe. Consider using scanf_s instead. To disable deprecation, use _CRT_SECURE_NO_WARNINGS. See online help for details.
  c:\program files (x86)\windows kits\10\include\10.0.17763.0\ucrt\stdio.h(1274): note: 'scanf' 선언을 참조하십시오.
c:\users\sutjjang\documents\github\garam\garam\table.cpp(51): warning C4996: 'scanf': This function or variable may be unsafe. Consider using scanf_s instead. To disable deprecation, use _CRT_SECURE_NO_WARNINGS. See online help for details.
  c:\program files (x86)\windows kits\10\include\10.0.17763.0\ucrt\stdio.h(1274): note: 'scanf' 선언을 참조하십시오.
c:\users\sutjjang\documents\github\garam\garam\table.cpp(101): warning C4996: 'scanf': This function or variable may be unsafe. Consider using scanf_s instead. To disable deprecation, use _CRT_SECURE_NO_WARNINGS. See online help for details.
  c:\program files (x86)\windows kits\10\include\10.0.17763.0\ucrt\stdio.h(1274): note: 'scanf' 선언을 참조하십시오.
c:\users\sutjjang\documents\github\garam\garam\table.cpp(143): warning C4996: 'scanf': This function or variable may be unsafe. Consider using scanf_s instead. To disable deprecation, use _CRT_SECURE_NO_WARNINGS. See online help for details.
  c:\program files (x86)\windows kits\10\include\10.0.17763.0\ucrt\stdio.h(1274): note: 'scanf' 선언을 참조하십시오.
c:\users\sutjjang\documents\github\garam\garam\table.cpp(148): warning C4996: 'scanf': This function or variable may be unsafe. Consider using scanf_s instead. To disable deprecation, use _CRT_SECURE_NO_WARNINGS. See online help for details.
  c:\program files (x86)\windows kits\10\include\10.0.17763.0\ucrt\stdio.h(1274): note: 'scanf' 선언을 참조하십시오.
c:\users\sutjjang\documents\github\garam\garam\table.cpp(158): warning C4996: 'scanf': This function or variable may be unsafe. Consider using scanf_s instead. To disable deprecation, use _CRT_SECURE_NO_WARNINGS. See online help for details.
  c:\program files (x86)\windows kits\10\include\10.0.17763.0\ucrt\stdio.h(1274): note: 'scanf' 선언을 참조하십시오.
  코드를 생성하고 있습니다...
  LINK : C:\Users\sutjjang\Documents\GitHub\garam\x64\Debug\garam.exe을(를) 찾을 수 없거나 마지막 증분 링크에 의해 빌드되지 않았습니다. 전체 링크를 수행하고 있습니다.
  garam.vcxproj -> C:\Users\sutjjang\Documents\GitHub\garam\x64\Debug\garam.exe
